#! 
:ivl_version "13.0 (devel)" "(s20251012-95-ge832fef2c-dirty)";
:ivl_delay_selection "TYPICAL";
:vpi_time_precision + 0;
:vpi_module "C:\Users\pelay\DOWNLO~1\OSS-CA~1\lib\ivl\system.vpi";
:vpi_module "C:\Users\pelay\DOWNLO~1\OSS-CA~1\lib\ivl\vhdl_sys.vpi";
:vpi_module "C:\Users\pelay\DOWNLO~1\OSS-CA~1\lib\ivl\vhdl_textio.vpi";
:vpi_module "C:\Users\pelay\DOWNLO~1\OSS-CA~1\lib\ivl\v2005_math.vpi";
:vpi_module "C:\Users\pelay\DOWNLO~1\OSS-CA~1\lib\ivl\va_math.vpi";
S_0000020ad3482ed0 .scope module, "UART_tb_txrx" "UART_tb_txrx" 2 1;
 .timescale 0 0;
o0000020ad348a4a8 .functor BUFZ 1, c4<z>; HiZ drive
v0000020ad34dc7e0_0 .net "UART_wire", 0 0, o0000020ad348a4a8;  0 drivers
v0000020ad34dcce0_0 .net "busy", 0 0, v0000020ad34db870_0;  1 drivers
v0000020ad34ddaa0_0 .var "clk", 0 0;
v0000020ad34dd3c0_0 .var "data_in", 7 0;
v0000020ad34dd8c0_0 .net "data_out", 7 0, v0000020ad34db5f0_0;  1 drivers
v0000020ad34dd0a0_0 .net "data_ready", 0 0, v0000020ad34db690_0;  1 drivers
v0000020ad34dd000_0 .var "rst", 0 0;
v0000020ad34dc600_0 .var "start", 0 0;
E_0000020ad345df50 .event anyedge, v0000020ad34db870_0;
E_0000020ad345e4d0 .event anyedge, v0000020ad34db690_0;
E_0000020ad345dc50 .event posedge, v0000020ad34619a0_0;
S_0000020ad3483060 .scope module, "UART_inst" "UART" 2 19, 3 1 0, S_0000020ad3482ed0;
 .timescale 0 0;
    .port_info 0 /INPUT 1 "clk";
    .port_info 1 /INPUT 1 "rst";
    .port_info 2 /INPUT 8 "data_in";
    .port_info 3 /INPUT 1 "start";
    .port_info 4 /OUTPUT 1 "tx_out";
    .port_info 5 /OUTPUT 1 "busy";
    .port_info 6 /OUTPUT 8 "data_out";
    .port_info 7 /OUTPUT 1 "data_ready";
v0000020ad34db230_0 .net "UART_wire", 0 0, v0000020ad34db910_0;  1 drivers
v0000020ad34dbb90_0 .net "busy", 0 0, v0000020ad34db870_0;  alias, 1 drivers
v0000020ad34db0f0_0 .net "clk", 0 0, v0000020ad34ddaa0_0;  1 drivers
v0000020ad34dbff0_0 .net "data_in", 7 0, v0000020ad34dd3c0_0;  1 drivers
v0000020ad34dbc30_0 .net "data_out", 7 0, v0000020ad34db5f0_0;  alias, 1 drivers
v0000020ad34db550_0 .net "data_ready", 0 0, v0000020ad34db690_0;  alias, 1 drivers
v0000020ad34dbcd0_0 .net "rst", 0 0, v0000020ad34dd000_0;  1 drivers
v0000020ad34db730_0 .net "start", 0 0, v0000020ad34dc600_0;  1 drivers
v0000020ad34db7d0_0 .net "tx_out", 0 0, o0000020ad348a4a8;  alias, 0 drivers
S_0000020ad34831f0 .scope module, "UART_RX" "UART_Rx" 3 23, 4 1 0, S_0000020ad3483060;
 .timescale 0 0;
    .port_info 0 /INPUT 1 "clk";
    .port_info 1 /INPUT 1 "rst";
    .port_info 2 /INPUT 1 "rx_in";
    .port_info 3 /OUTPUT 8 "data_out";
    .port_info 4 /OUTPUT 1 "data_ready";
P_0000020ad34753f0 .param/l "BAUD_RATE" 0 4 1, +C4<00000000000000000010010110000000>;
P_0000020ad3475428 .param/l "BITS" 0 4 1, +C4<00000000000000000000000000001000>;
P_0000020ad3475460 .param/l "CLOCK_FREQ" 0 4 1, +C4<00000010111110101111000010000000>;
P_0000020ad3475498 .param/l "DATA_BITS" 1 4 9, C4<10>;
P_0000020ad34754d0 .param/l "IDLE" 1 4 9, C4<00>;
P_0000020ad3475508 .param/l "START_BIT" 1 4 9, C4<01>;
P_0000020ad3475540 .param/l "STOP_BIT" 1 4 9, C4<11>;
v0000020ad34649a0_0 .var "baud_counter", 15 0;
v0000020ad341af40_0 .var "bit_index", 3 0;
v0000020ad34619a0_0 .net "clk", 0 0, v0000020ad34ddaa0_0;  alias, 1 drivers
v0000020ad341ce60_0 .var "data_buffer", 7 0;
v0000020ad34db5f0_0 .var "data_out", 7 0;
v0000020ad34db690_0 .var "data_ready", 0 0;
v0000020ad34dbd70_0 .net "rst", 0 0, v0000020ad34dd000_0;  alias, 1 drivers
v0000020ad34db370_0 .net "rx_in", 0 0, v0000020ad34db910_0;  alias, 1 drivers
v0000020ad34db190_0 .var "state", 1 0;
E_0000020ad345dad0 .event posedge, v0000020ad34dbd70_0, v0000020ad34619a0_0;
S_0000020ad3469360 .scope module, "UART_TX" "UART_Tx" 3 14, 5 1 0, S_0000020ad3483060;
 .timescale 0 0;
    .port_info 0 /INPUT 1 "clk";
    .port_info 1 /INPUT 1 "rst";
    .port_info 2 /INPUT 8 "data_in";
    .port_info 3 /INPUT 1 "start";
    .port_info 4 /OUTPUT 1 "tx_out";
    .port_info 5 /OUTPUT 1 "busy";
P_0000020ad3475580 .param/l "BAUD_RATE" 0 5 1, +C4<00000000000000000010010110000000>;
P_0000020ad34755b8 .param/l "BITS" 0 5 1, +C4<00000000000000000000000000001000>;
P_0000020ad34755f0 .param/l "CLOCK_FREQ" 0 5 1, +C4<00000010111110101111000010000000>;
P_0000020ad3475628 .param/l "DATA_BITS" 1 5 9, C4<10>;
P_0000020ad3475660 .param/l "IDLE" 1 5 9, C4<00>;
P_0000020ad3475698 .param/l "START_BIT" 1 5 9, C4<01>;
P_0000020ad34756d0 .param/l "STOP_BIT" 1 5 9, C4<11>;
v0000020ad34db9b0_0 .var "baud_counter", 15 0;
v0000020ad34dbe10_0 .var "bit_index", 3 0;
v0000020ad34db870_0 .var "busy", 0 0;
v0000020ad34db410_0 .net "clk", 0 0, v0000020ad34ddaa0_0;  alias, 1 drivers
v0000020ad34dba50_0 .var "data_buffer", 7 0;
v0000020ad34dbeb0_0 .net "data_in", 7 0, v0000020ad34dd3c0_0;  alias, 1 drivers
v0000020ad34db4b0_0 .net "rst", 0 0, v0000020ad34dd000_0;  alias, 1 drivers
v0000020ad34dbf50_0 .net "start", 0 0, v0000020ad34dc600_0;  alias, 1 drivers
v0000020ad34dbaf0_0 .var "state", 1 0;
v0000020ad34db910_0 .var "tx_out", 0 0;
    .scope S_0000020ad3469360;
T_0 ;
    %wait E_0000020ad345dad0;
    %load/vec4 v0000020ad34db4b0_0;
    %flag_set/vec4 8;
    %jmp/0xz  T_0.0, 8;
    %pushi/vec4 0, 0, 2;
    %assign/vec4 v0000020ad34dbaf0_0, 0;
    %pushi/vec4 1, 0, 1;
    %assign/vec4 v0000020ad34db910_0, 0;
    %pushi/vec4 0, 0, 1;
    %assign/vec4 v0000020ad34db870_0, 0;
    %pushi/vec4 0, 0, 4;
    %assign/vec4 v0000020ad34dbe10_0, 0;
    %pushi/vec4 0, 0, 16;
    %assign/vec4 v0000020ad34db9b0_0, 0;
    %jmp T_0.1;
T_0.0 ;
    %load/vec4 v0000020ad34dbaf0_0;
    %dup/vec4;
    %pushi/vec4 0, 0, 2;
    %cmp/u;
    %jmp/1 T_0.2, 6;
    %dup/vec4;
    %pushi/vec4 1, 0, 2;
    %cmp/u;
    %jmp/1 T_0.3, 6;
    %dup/vec4;
    %pushi/vec4 2, 0, 2;
    %cmp/u;
    %jmp/1 T_0.4, 6;
    %dup/vec4;
    %pushi/vec4 3, 0, 2;
    %cmp/u;
    %jmp/1 T_0.5, 6;
    %jmp T_0.6;
T_0.2 ;
    %pushi/vec4 1, 0, 1;
    %assign/vec4 v0000020ad34db910_0, 0;
    %pushi/vec4 0, 0, 1;
    %assign/vec4 v0000020ad34db870_0, 0;
    %load/vec4 v0000020ad34dbf50_0;
    %pad/u 32;
    %cmpi/e 1, 0, 32;
    %jmp/0xz  T_0.7, 4;
    %load/vec4 v0000020ad34dbeb0_0;
    %assign/vec4 v0000020ad34dba50_0, 0;
    %pushi/vec4 1, 0, 2;
    %assign/vec4 v0000020ad34dbaf0_0, 0;
    %pushi/vec4 1, 0, 1;
    %assign/vec4 v0000020ad34db870_0, 0;
T_0.7 ;
    %jmp T_0.6;
T_0.3 ;
    %pushi/vec4 0, 0, 1;
    %assign/vec4 v0000020ad34db910_0, 0;
    %load/vec4 v0000020ad34db9b0_0;
    %pad/u 32;
    %cmpi/u 5207, 0, 32;
    %jmp/0xz  T_0.9, 5;
    %load/vec4 v0000020ad34db9b0_0;
    %addi 1, 0, 16;
    %assign/vec4 v0000020ad34db9b0_0, 0;
    %jmp T_0.10;
T_0.9 ;
    %pushi/vec4 0, 0, 16;
    %assign/vec4 v0000020ad34db9b0_0, 0;
    %pushi/vec4 2, 0, 2;
    %assign/vec4 v0000020ad34dbaf0_0, 0;
    %pushi/vec4 0, 0, 4;
    %assign/vec4 v0000020ad34dbe10_0, 0;
T_0.10 ;
    %jmp T_0.6;
T_0.4 ;
    %load/vec4 v0000020ad34dba50_0;
    %load/vec4 v0000020ad34dbe10_0;
    %part/u 1;
    %assign/vec4 v0000020ad34db910_0, 0;
    %load/vec4 v0000020ad34db9b0_0;
    %pad/u 32;
    %cmpi/u 5207, 0, 32;
    %jmp/0xz  T_0.11, 5;
    %load/vec4 v0000020ad34db9b0_0;
    %addi 1, 0, 16;
    %assign/vec4 v0000020ad34db9b0_0, 0;
    %jmp T_0.12;
T_0.11 ;
    %pushi/vec4 0, 0, 16;
    %assign/vec4 v0000020ad34db9b0_0, 0;
    %load/vec4 v0000020ad34dbe10_0;
    %pad/u 32;
    %cmpi/u 7, 0, 32;
    %jmp/0xz  T_0.13, 5;
    %load/vec4 v0000020ad34dbe10_0;
    %addi 1, 0, 4;
    %assign/vec4 v0000020ad34dbe10_0, 0;
    %jmp T_0.14;
T_0.13 ;
    %pushi/vec4 3, 0, 2;
    %assign/vec4 v0000020ad34dbaf0_0, 0;
T_0.14 ;
T_0.12 ;
    %jmp T_0.6;
T_0.5 ;
    %pushi/vec4 1, 0, 1;
    %assign/vec4 v0000020ad34db910_0, 0;
    %load/vec4 v0000020ad34db9b0_0;
    %pad/u 32;
    %cmpi/u 5207, 0, 32;
    %jmp/0xz  T_0.15, 5;
    %load/vec4 v0000020ad34db9b0_0;
    %addi 1, 0, 16;
    %assign/vec4 v0000020ad34db9b0_0, 0;
    %jmp T_0.16;
T_0.15 ;
    %pushi/vec4 0, 0, 16;
    %assign/vec4 v0000020ad34db9b0_0, 0;
    %pushi/vec4 0, 0, 2;
    %assign/vec4 v0000020ad34dbaf0_0, 0;
T_0.16 ;
    %jmp T_0.6;
T_0.6 ;
    %pop/vec4 1;
T_0.1 ;
    %jmp T_0;
    .thread T_0;
    .scope S_0000020ad34831f0;
T_1 ;
    %wait E_0000020ad345dad0;
    %load/vec4 v0000020ad34dbd70_0;
    %flag_set/vec4 8;
    %jmp/0xz  T_1.0, 8;
    %pushi/vec4 0, 0, 2;
    %assign/vec4 v0000020ad34db190_0, 0;
    %pushi/vec4 0, 0, 8;
    %assign/vec4 v0000020ad34db5f0_0, 0;
    %pushi/vec4 0, 0, 1;
    %assign/vec4 v0000020ad34db690_0, 0;
    %pushi/vec4 0, 0, 4;
    %assign/vec4 v0000020ad341af40_0, 0;
    %pushi/vec4 0, 0, 16;
    %assign/vec4 v0000020ad34649a0_0, 0;
    %jmp T_1.1;
T_1.0 ;
    %load/vec4 v0000020ad34db190_0;
    %dup/vec4;
    %pushi/vec4 0, 0, 2;
    %cmp/u;
    %jmp/1 T_1.2, 6;
    %dup/vec4;
    %pushi/vec4 1, 0, 2;
    %cmp/u;
    %jmp/1 T_1.3, 6;
    %dup/vec4;
    %pushi/vec4 2, 0, 2;
    %cmp/u;
    %jmp/1 T_1.4, 6;
    %dup/vec4;
    %pushi/vec4 3, 0, 2;
    %cmp/u;
    %jmp/1 T_1.5, 6;
    %jmp T_1.6;
T_1.2 ;
    %pushi/vec4 0, 0, 1;
    %assign/vec4 v0000020ad34db690_0, 0;
    %load/vec4 v0000020ad34db370_0;
    %nor/r;
    %flag_set/vec4 8;
    %jmp/0xz  T_1.7, 8;
    %pushi/vec4 1, 0, 2;
    %assign/vec4 v0000020ad34db190_0, 0;
    %pushi/vec4 0, 0, 16;
    %assign/vec4 v0000020ad34649a0_0, 0;
T_1.7 ;
    %jmp T_1.6;
T_1.3 ;
    %load/vec4 v0000020ad34649a0_0;
    %pad/u 32;
    %cmpi/u 2603, 0, 32;
    %jmp/0xz  T_1.9, 5;
    %load/vec4 v0000020ad34649a0_0;
    %addi 1, 0, 16;
    %assign/vec4 v0000020ad34649a0_0, 0;
    %jmp T_1.10;
T_1.9 ;
    %pushi/vec4 0, 0, 16;
    %assign/vec4 v0000020ad34649a0_0, 0;
    %pushi/vec4 2, 0, 2;
    %assign/vec4 v0000020ad34db190_0, 0;
    %pushi/vec4 0, 0, 4;
    %assign/vec4 v0000020ad341af40_0, 0;
T_1.10 ;
    %jmp T_1.6;
T_1.4 ;
    %load/vec4 v0000020ad34649a0_0;
    %pad/u 32;
    %cmpi/u 5207, 0, 32;
    %jmp/0xz  T_1.11, 5;
    %load/vec4 v0000020ad34649a0_0;
    %addi 1, 0, 16;
    %assign/vec4 v0000020ad34649a0_0, 0;
    %jmp T_1.12;
T_1.11 ;
    %pushi/vec4 0, 0, 16;
    %assign/vec4 v0000020ad34649a0_0, 0;
    %load/vec4 v0000020ad34db370_0;
    %ix/load 5, 0, 0;
    %ix/getv 4, v0000020ad341af40_0;
    %assign/vec4/off/d v0000020ad341ce60_0, 4, 5;
    %load/vec4 v0000020ad341af40_0;
    %pad/u 32;
    %cmpi/u 7, 0, 32;
    %jmp/0xz  T_1.13, 5;
    %load/vec4 v0000020ad341af40_0;
    %addi 1, 0, 4;
    %assign/vec4 v0000020ad341af40_0, 0;
    %jmp T_1.14;
T_1.13 ;
    %pushi/vec4 3, 0, 2;
    %assign/vec4 v0000020ad34db190_0, 0;
T_1.14 ;
T_1.12 ;
    %jmp T_1.6;
T_1.5 ;
    %load/vec4 v0000020ad34649a0_0;
    %pad/u 32;
    %cmpi/u 5207, 0, 32;
    %jmp/0xz  T_1.15, 5;
    %load/vec4 v0000020ad34649a0_0;
    %addi 1, 0, 16;
    %assign/vec4 v0000020ad34649a0_0, 0;
    %jmp T_1.16;
T_1.15 ;
    %pushi/vec4 0, 0, 16;
    %assign/vec4 v0000020ad34649a0_0, 0;
    %load/vec4 v0000020ad341ce60_0;
    %assign/vec4 v0000020ad34db5f0_0, 0;
    %pushi/vec4 1, 0, 1;
    %assign/vec4 v0000020ad34db690_0, 0;
    %pushi/vec4 0, 0, 2;
    %assign/vec4 v0000020ad34db190_0, 0;
T_1.16 ;
    %jmp T_1.6;
T_1.6 ;
    %pop/vec4 1;
T_1.1 ;
    %jmp T_1;
    .thread T_1;
    .scope S_0000020ad3482ed0;
T_2 ;
    %pushi/vec4 0, 0, 1;
    %store/vec4 v0000020ad34ddaa0_0, 0, 1;
    %pushi/vec4 0, 0, 1;
    %store/vec4 v0000020ad34dd000_0, 0, 1;
    %pushi/vec4 0, 0, 8;
    %store/vec4 v0000020ad34dd3c0_0, 0, 8;
    %pushi/vec4 0, 0, 1;
    %store/vec4 v0000020ad34dc600_0, 0, 1;
    %end;
    .thread T_2;
    .scope S_0000020ad3482ed0;
T_3 ;
    %delay 10, 0;
    %load/vec4 v0000020ad34ddaa0_0;
    %inv;
    %store/vec4 v0000020ad34ddaa0_0, 0, 1;
    %jmp T_3;
    .thread T_3;
    .scope S_0000020ad3482ed0;
T_4 ;
    %vpi_call 2 43 "$display", "Simulacion iniciada" {0 0 0};
    %delay 30, 0;
    %pushi/vec4 1, 0, 1;
    %store/vec4 v0000020ad34dd000_0, 0, 1;
    %delay 20, 0;
    %pushi/vec4 0, 0, 1;
    %store/vec4 v0000020ad34dd000_0, 0, 1;
    %delay 200, 0;
    %pushi/vec4 10, 0, 32;
T_4.0 %dup/vec4;
    %cmpi/s 0, 0, 32;
    %jmp/1xz T_4.1, 5;
    %jmp/1 T_4.1, 4;
    %subi 1, 0, 32;
    %wait E_0000020ad345dc50;
    %vpi_func 2 52 "$random" 32 {0 0 0};
    %pad/s 8;
    %store/vec4 v0000020ad34dd3c0_0, 0, 8;
    %pushi/vec4 1, 0, 1;
    %store/vec4 v0000020ad34dc600_0, 0, 1;
    %wait E_0000020ad345dc50;
    %pushi/vec4 0, 0, 1;
    %store/vec4 v0000020ad34dc600_0, 0, 1;
T_4.2 ;
    %load/vec4 v0000020ad34dd0a0_0;
    %pad/u 32;
    %pushi/vec4 1, 0, 32;
    %cmp/e;
    %flag_get/vec4 4;
    %cmpi/ne 1, 0, 1;
    %jmp/0xz T_4.3, 6;
    %wait E_0000020ad345e4d0;
    %jmp T_4.2;
T_4.3 ;
    %vpi_call 2 62 "$display", "Dato transmitido: %h, Dato recibido: %h", v0000020ad34dd3c0_0, v0000020ad34dd8c0_0 {0 0 0};
    %delay 100, 0;
T_4.4 ;
    %load/vec4 v0000020ad34dcce0_0;
    %nor/r;
    %cmpi/ne 1, 0, 1;
    %jmp/0xz T_4.5, 6;
    %wait E_0000020ad345df50;
    %jmp T_4.4;
T_4.5 ;
    %delay 500, 0;
    %jmp T_4.0;
T_4.1 ;
    %pop/vec4 1;
    %vpi_call 2 71 "$display", "Simulacion finalizada" {0 0 0};
    %vpi_call 2 72 "$stop" {0 0 0};
    %end;
    .thread T_4;
    .scope S_0000020ad3482ed0;
T_5 ;
    %vpi_call 2 77 "$dumpfile", "UART_tb_txrx.vcd" {0 0 0};
    %vpi_call 2 78 "$dumpvars", 32'sb00000000000000000000000000000000, S_0000020ad3482ed0 {0 0 0};
    %end;
    .thread T_5;
# The file index is used to find the file name in the following table.
:file_names 6;
    "N/A";
    "<interactive>";
    "UART_tb_txrx.v";
    "UART.v";
    "UART_Rx.v";
    "UART_Tx.v";
