#! 
:ivl_version "13.0 (devel)" "(s20251012-95-ge832fef2c-dirty)";
:ivl_delay_selection "TYPICAL";
:vpi_time_precision + 0;
:vpi_module "C:\Users\pelay\DOWNLO~1\OSS-CA~1\lib\ivl\system.vpi";
:vpi_module "C:\Users\pelay\DOWNLO~1\OSS-CA~1\lib\ivl\vhdl_sys.vpi";
:vpi_module "C:\Users\pelay\DOWNLO~1\OSS-CA~1\lib\ivl\vhdl_textio.vpi";
:vpi_module "C:\Users\pelay\DOWNLO~1\OSS-CA~1\lib\ivl\v2005_math.vpi";
:vpi_module "C:\Users\pelay\DOWNLO~1\OSS-CA~1\lib\ivl\va_math.vpi";
S_000001b66885bcc0 .scope module, "UART_Tx_tb" "UART_Tx_tb" 2 1;
 .timescale 0 0;
v000001b668972f00_0 .net "busy", 0 0, v000001b66885be50_0;  1 drivers
v000001b668972dc0_0 .var "clk", 0 0;
v000001b668973360_0 .var "data_in", 7 0;
v000001b668972fa0_0 .var "rst", 0 0;
v000001b668972460_0 .var "start", 0 0;
v000001b668972960_0 .net "tx_out", 0 0, v000001b6689726e0_0;  1 drivers
E_000001b668909930 .event anyedge, v000001b66885be50_0;
S_000001b668920a30 .scope module, "uut" "UART_Tx" 2 11, 3 1 0, S_000001b66885bcc0;
 .timescale 0 0;
    .port_info 0 /INPUT 1 "clk";
    .port_info 1 /INPUT 1 "rst";
    .port_info 2 /INPUT 8 "data_in";
    .port_info 3 /INPUT 1 "start";
    .port_info 4 /OUTPUT 1 "tx_out";
    .port_info 5 /OUTPUT 1 "busy";
P_000001b668920bc0 .param/l "BAUD_RATE" 0 3 1, +C4<00000000000000000010010110000000>;
P_000001b668920bf8 .param/l "BITS" 0 3 1, +C4<00000000000000000000000000001000>;
P_000001b668920c30 .param/l "CLOCK_FREQ" 0 3 1, +C4<00000010111110101111000010000000>;
P_000001b668920c68 .param/l "DATA_BITS" 1 3 9, C4<10>;
P_000001b668920ca0 .param/l "IDLE" 1 3 9, C4<00>;
P_000001b668920cd8 .param/l "START_BIT" 1 3 9, C4<01>;
P_000001b668920d10 .param/l "STOP_BIT" 1 3 9, C4<11>;
v000001b6688e6b10_0 .var "baud_counter", 15 0;
v000001b6688e66e0_0 .var "bit_index", 3 0;
v000001b66885be50_0 .var "busy", 0 0;
v000001b668920d50_0 .net "clk", 0 0, v000001b668972dc0_0;  1 drivers
v000001b668920df0_0 .var "data_buffer", 7 0;
v000001b6689732c0_0 .net "data_in", 7 0, v000001b668973360_0;  1 drivers
v000001b668972a00_0 .net "rst", 0 0, v000001b668972fa0_0;  1 drivers
v000001b668973180_0 .net "start", 0 0, v000001b668972460_0;  1 drivers
v000001b668973220_0 .var "state", 1 0;
v000001b6689726e0_0 .var "tx_out", 0 0;
E_000001b6689098b0 .event posedge, v000001b668972a00_0, v000001b668920d50_0;
    .scope S_000001b668920a30;
T_0 ;
    %wait E_000001b6689098b0;
    %load/vec4 v000001b668972a00_0;
    %flag_set/vec4 8;
    %jmp/0xz  T_0.0, 8;
    %pushi/vec4 0, 0, 2;
    %assign/vec4 v000001b668973220_0, 0;
    %pushi/vec4 1, 0, 1;
    %assign/vec4 v000001b6689726e0_0, 0;
    %pushi/vec4 0, 0, 1;
    %assign/vec4 v000001b66885be50_0, 0;
    %pushi/vec4 0, 0, 4;
    %assign/vec4 v000001b6688e66e0_0, 0;
    %pushi/vec4 0, 0, 16;
    %assign/vec4 v000001b6688e6b10_0, 0;
    %jmp T_0.1;
T_0.0 ;
    %load/vec4 v000001b668973220_0;
    %dup/vec4;
    %pushi/vec4 0, 0, 2;
    %cmp/u;
    %jmp/1 T_0.2, 6;
    %dup/vec4;
    %pushi/vec4 1, 0, 2;
    %cmp/u;
    %jmp/1 T_0.3, 6;
    %dup/vec4;
    %pushi/vec4 2, 0, 2;
    %cmp/u;
    %jmp/1 T_0.4, 6;
    %dup/vec4;
    %pushi/vec4 3, 0, 2;
    %cmp/u;
    %jmp/1 T_0.5, 6;
    %jmp T_0.6;
T_0.2 ;
    %pushi/vec4 1, 0, 1;
    %assign/vec4 v000001b6689726e0_0, 0;
    %pushi/vec4 0, 0, 1;
    %assign/vec4 v000001b66885be50_0, 0;
    %load/vec4 v000001b668973180_0;
    %flag_set/vec4 8;
    %jmp/0xz  T_0.7, 8;
    %load/vec4 v000001b6689732c0_0;
    %assign/vec4 v000001b668920df0_0, 0;
    %pushi/vec4 1, 0, 2;
    %assign/vec4 v000001b668973220_0, 0;
    %pushi/vec4 1, 0, 1;
    %assign/vec4 v000001b66885be50_0, 0;
T_0.7 ;
    %jmp T_0.6;
T_0.3 ;
    %pushi/vec4 0, 0, 1;
    %assign/vec4 v000001b6689726e0_0, 0;
    %load/vec4 v000001b6688e6b10_0;
    %pad/u 32;
    %cmpi/u 5207, 0, 32;
    %jmp/0xz  T_0.9, 5;
    %load/vec4 v000001b6688e6b10_0;
    %addi 1, 0, 16;
    %assign/vec4 v000001b6688e6b10_0, 0;
    %jmp T_0.10;
T_0.9 ;
    %pushi/vec4 0, 0, 16;
    %assign/vec4 v000001b6688e6b10_0, 0;
    %pushi/vec4 2, 0, 2;
    %assign/vec4 v000001b668973220_0, 0;
    %pushi/vec4 0, 0, 4;
    %assign/vec4 v000001b6688e66e0_0, 0;
T_0.10 ;
    %jmp T_0.6;
T_0.4 ;
    %load/vec4 v000001b668920df0_0;
    %load/vec4 v000001b6688e66e0_0;
    %part/u 1;
    %assign/vec4 v000001b6689726e0_0, 0;
    %load/vec4 v000001b6688e6b10_0;
    %pad/u 32;
    %cmpi/u 5207, 0, 32;
    %jmp/0xz  T_0.11, 5;
    %load/vec4 v000001b6688e6b10_0;
    %addi 1, 0, 16;
    %assign/vec4 v000001b6688e6b10_0, 0;
    %jmp T_0.12;
T_0.11 ;
    %pushi/vec4 0, 0, 16;
    %assign/vec4 v000001b6688e6b10_0, 0;
    %load/vec4 v000001b6688e66e0_0;
    %pad/u 32;
    %cmpi/u 7, 0, 32;
    %jmp/0xz  T_0.13, 5;
    %load/vec4 v000001b6688e66e0_0;
    %addi 1, 0, 4;
    %assign/vec4 v000001b6688e66e0_0, 0;
    %jmp T_0.14;
T_0.13 ;
    %pushi/vec4 3, 0, 2;
    %assign/vec4 v000001b668973220_0, 0;
T_0.14 ;
T_0.12 ;
    %jmp T_0.6;
T_0.5 ;
    %pushi/vec4 1, 0, 1;
    %assign/vec4 v000001b6689726e0_0, 0;
    %load/vec4 v000001b6688e6b10_0;
    %pad/u 32;
    %cmpi/u 5207, 0, 32;
    %jmp/0xz  T_0.15, 5;
    %load/vec4 v000001b6688e6b10_0;
    %addi 1, 0, 16;
    %assign/vec4 v000001b6688e6b10_0, 0;
    %jmp T_0.16;
T_0.15 ;
    %pushi/vec4 0, 0, 16;
    %assign/vec4 v000001b6688e6b10_0, 0;
    %pushi/vec4 0, 0, 2;
    %assign/vec4 v000001b668973220_0, 0;
T_0.16 ;
    %jmp T_0.6;
T_0.6 ;
    %pop/vec4 1;
T_0.1 ;
    %jmp T_0;
    .thread T_0;
    .scope S_000001b66885bcc0;
T_1 ;
    %pushi/vec4 1, 0, 1;
    %store/vec4 v000001b668972fa0_0, 0, 1;
    %pushi/vec4 0, 0, 1;
    %store/vec4 v000001b668972460_0, 0, 1;
    %pushi/vec4 0, 0, 8;
    %store/vec4 v000001b668973360_0, 0, 8;
    %delay 100, 0;
    %pushi/vec4 0, 0, 1;
    %store/vec4 v000001b668972fa0_0, 0, 1;
    %end;
    .thread T_1;
    .scope S_000001b66885bcc0;
T_2 ;
    %delay 10, 0;
    %load/vec4 v000001b668972dc0_0;
    %inv;
    %store/vec4 v000001b668972dc0_0, 0, 1;
    %jmp T_2;
    .thread T_2;
    .scope S_000001b66885bcc0;
T_3 ;
    %vpi_call 2 33 "$display", "Inicio" {0 0 0};
    %delay 30, 0;
    %pushi/vec4 1, 0, 1;
    %store/vec4 v000001b668972fa0_0, 0, 1;
    %delay 10, 0;
    %pushi/vec4 0, 0, 1;
    %store/vec4 v000001b668972fa0_0, 0, 1;
    %delay 20, 0;
    %pushi/vec4 10, 0, 32;
T_3.0 %dup/vec4;
    %cmpi/s 0, 0, 32;
    %jmp/1xz T_3.1, 5;
    %jmp/1 T_3.1, 4;
    %subi 1, 0, 32;
    %vpi_func 2 40 "$random" 32 {0 0 0};
    %pushi/vec4 256, 0, 32;
    %mod/s;
    %pad/s 8;
    %store/vec4 v000001b668973360_0, 0, 8;
    %pushi/vec4 1, 0, 1;
    %store/vec4 v000001b668972460_0, 0, 1;
    %delay 20, 0;
    %pushi/vec4 0, 0, 1;
    %store/vec4 v000001b668972460_0, 0, 1;
T_3.2 ;
    %load/vec4 v000001b668972f00_0;
    %nor/r;
    %cmpi/ne 1, 0, 1;
    %jmp/0xz T_3.3, 6;
    %wait E_000001b668909930;
    %jmp T_3.2;
T_3.3 ;
    %vpi_call 2 45 "$display", "Dato transmitido: %h", v000001b668973360_0 {0 0 0};
    %delay 20, 0;
    %jmp T_3.0;
T_3.1 ;
    %pop/vec4 1;
    %vpi_call 2 48 "$stop" {0 0 0};
    %vpi_call 2 49 "$finish" {0 0 0};
    %end;
    .thread T_3;
    .scope S_000001b66885bcc0;
T_4 ;
    %vpi_call 2 54 "$dumpfile", "UART_Tx_tb.vcd" {0 0 0};
    %vpi_call 2 55 "$dumpvars", 32'sb00000000000000000000000000000000, S_000001b66885bcc0 {0 0 0};
    %end;
    .thread T_4;
# The file index is used to find the file name in the following table.
:file_names 4;
    "N/A";
    "<interactive>";
    "UART_Tx_tb.v";
    "UART_Tx.v";
