#! 
:ivl_version "13.0 (devel)" "(s20251012-95-ge832fef2c-dirty)";
:ivl_delay_selection "TYPICAL";
:vpi_time_precision + 0;
:vpi_module "C:\Users\pelay\DOWNLO~1\OSS-CA~1\lib\ivl\system.vpi";
:vpi_module "C:\Users\pelay\DOWNLO~1\OSS-CA~1\lib\ivl\vhdl_sys.vpi";
:vpi_module "C:\Users\pelay\DOWNLO~1\OSS-CA~1\lib\ivl\vhdl_textio.vpi";
:vpi_module "C:\Users\pelay\DOWNLO~1\OSS-CA~1\lib\ivl\v2005_math.vpi";
:vpi_module "C:\Users\pelay\DOWNLO~1\OSS-CA~1\lib\ivl\va_math.vpi";
S_0000028fc713a980 .scope module, "BCD_4displays_tb" "BCD_4displays_tb" 2 1;
 .timescale 0 0;
P_0000028fc7106b20 .param/l "N_in" 0 2 1, +C4<00000000000000000000000000001010>;
P_0000028fc7106b58 .param/l "N_out" 0 2 1, +C4<00000000000000000000000000000111>;
v0000028fc71ab1e0_0 .net "D_cen", 6 0, v0000028fc714fb10_0;  1 drivers
v0000028fc71ab3c0_0 .net "D_de", 6 0, v0000028fc714f890_0;  1 drivers
v0000028fc71abe60_0 .net "D_un", 6 0, v0000028fc714ec10_0;  1 drivers
v0000028fc71ab5a0_0 .net "D_un_mi", 6 0, v0000028fc714e990_0;  1 drivers
v0000028fc71abd20_0 .var "bcd_in", 9 0;
S_0000028fc713aca0 .scope module, "dut" "BCD_4displays" 2 8, 3 1 0, S_0000028fc713a980;
 .timescale 0 0;
    .port_info 0 /INPUT 10 "bcd_in";
    .port_info 1 /OUTPUT 7 "D_un";
    .port_info 2 /OUTPUT 7 "D_de";
    .port_info 3 /OUTPUT 7 "D_cen";
    .port_info 4 /OUTPUT 7 "D_un_mi";
P_0000028fc7140de0 .param/l "N_in" 0 3 1, +C4<00000000000000000000000000001010>;
P_0000028fc7140e18 .param/l "N_out" 0 3 1, +C4<00000000000000000000000000000111>;
v0000028fc714fa70_0 .net "D_cen", 6 0, v0000028fc714fb10_0;  alias, 1 drivers
v0000028fc714ed50_0 .net "D_de", 6 0, v0000028fc714f890_0;  alias, 1 drivers
v0000028fc714e5d0_0 .net "D_un", 6 0, v0000028fc714ec10_0;  alias, 1 drivers
v0000028fc714edf0_0 .net "D_un_mi", 6 0, v0000028fc714e990_0;  alias, 1 drivers
v0000028fc714e670_0 .net *"_ivl_0", 31 0, L_0000028fc71af350;  1 drivers
v0000028fc714e710_0 .net *"_ivl_10", 31 0, L_0000028fc71af0d0;  1 drivers
L_0000028fc71f0118 .functor BUFT 1, C4<0000000000000000000000>, C4<0>, C4<0>, C4<0>;
v0000028fc714f930_0 .net *"_ivl_13", 21 0, L_0000028fc71f0118;  1 drivers
L_0000028fc71f0160 .functor BUFT 1, C4<00000000000000000000000000001010>, C4<0>, C4<0>, C4<0>;
v0000028fc714fc50_0 .net/2u *"_ivl_14", 31 0, L_0000028fc71f0160;  1 drivers
v0000028fc714f110_0 .net *"_ivl_16", 31 0, L_0000028fc71af490;  1 drivers
L_0000028fc71f01a8 .functor BUFT 1, C4<00000000000000000000000000001010>, C4<0>, C4<0>, C4<0>;
v0000028fc714fed0_0 .net/2u *"_ivl_18", 31 0, L_0000028fc71f01a8;  1 drivers
v0000028fc714fcf0_0 .net *"_ivl_20", 31 0, L_0000028fc71ae8b0;  1 drivers
v0000028fc714ff70_0 .net *"_ivl_24", 31 0, L_0000028fc71ae950;  1 drivers
L_0000028fc71f01f0 .functor BUFT 1, C4<0000000000000000000000>, C4<0>, C4<0>, C4<0>;
v0000028fc714f4d0_0 .net *"_ivl_27", 21 0, L_0000028fc71f01f0;  1 drivers
L_0000028fc71f0238 .functor BUFT 1, C4<00000000000000000000000001100100>, C4<0>, C4<0>, C4<0>;
v0000028fc714e7b0_0 .net/2u *"_ivl_28", 31 0, L_0000028fc71f0238;  1 drivers
L_0000028fc71f0088 .functor BUFT 1, C4<0000000000000000000000>, C4<0>, C4<0>, C4<0>;
v0000028fc714e850_0 .net *"_ivl_3", 21 0, L_0000028fc71f0088;  1 drivers
v0000028fc714f1b0_0 .net *"_ivl_30", 31 0, L_0000028fc71aeef0;  1 drivers
L_0000028fc71f0280 .functor BUFT 1, C4<00000000000000000000000000001010>, C4<0>, C4<0>, C4<0>;
v0000028fc714f9d0_0 .net/2u *"_ivl_32", 31 0, L_0000028fc71f0280;  1 drivers
v0000028fc714ea30_0 .net *"_ivl_34", 31 0, L_0000028fc71afcb0;  1 drivers
v0000028fc714f2f0_0 .net *"_ivl_38", 31 0, L_0000028fc71ae130;  1 drivers
L_0000028fc71f00d0 .functor BUFT 1, C4<00000000000000000000000000001010>, C4<0>, C4<0>, C4<0>;
v0000028fc714eb70_0 .net/2u *"_ivl_4", 31 0, L_0000028fc71f00d0;  1 drivers
L_0000028fc71f02c8 .functor BUFT 1, C4<0000000000000000000000>, C4<0>, C4<0>, C4<0>;
v0000028fc714ead0_0 .net *"_ivl_41", 21 0, L_0000028fc71f02c8;  1 drivers
L_0000028fc71f0310 .functor BUFT 1, C4<00000000000000000000001111101000>, C4<0>, C4<0>, C4<0>;
v0000028fc714f250_0 .net/2u *"_ivl_42", 31 0, L_0000028fc71f0310;  1 drivers
v0000028fc714f570_0 .net *"_ivl_44", 31 0, L_0000028fc71af670;  1 drivers
L_0000028fc71f0358 .functor BUFT 1, C4<00000000000000000000000000001010>, C4<0>, C4<0>, C4<0>;
v0000028fc714fd90_0 .net/2u *"_ivl_46", 31 0, L_0000028fc71f0358;  1 drivers
v0000028fc714fe30_0 .net *"_ivl_48", 31 0, L_0000028fc71af710;  1 drivers
v0000028fc71abaa0_0 .net *"_ivl_6", 31 0, L_0000028fc71af8f0;  1 drivers
v0000028fc71aa6a0_0 .net "bcd_in", 9 0, v0000028fc71abd20_0;  1 drivers
v0000028fc71abc80_0 .net "centenas", 3 0, L_0000028fc71af530;  1 drivers
v0000028fc71ab320_0 .net "decenas", 3 0, L_0000028fc71afb70;  1 drivers
v0000028fc71ab780_0 .net "millares", 3 0, L_0000028fc71aedb0;  1 drivers
v0000028fc71aa7e0_0 .net "unidades", 3 0, L_0000028fc71aee50;  1 drivers
L_0000028fc71af350 .concat [ 10 22 0 0], v0000028fc71abd20_0, L_0000028fc71f0088;
L_0000028fc71af8f0 .arith/mod 32, L_0000028fc71af350, L_0000028fc71f00d0;
L_0000028fc71aee50 .part L_0000028fc71af8f0, 0, 4;
L_0000028fc71af0d0 .concat [ 10 22 0 0], v0000028fc71abd20_0, L_0000028fc71f0118;
L_0000028fc71af490 .arith/div 32, L_0000028fc71af0d0, L_0000028fc71f0160;
L_0000028fc71ae8b0 .arith/mod 32, L_0000028fc71af490, L_0000028fc71f01a8;
L_0000028fc71afb70 .part L_0000028fc71ae8b0, 0, 4;
L_0000028fc71ae950 .concat [ 10 22 0 0], v0000028fc71abd20_0, L_0000028fc71f01f0;
L_0000028fc71aeef0 .arith/div 32, L_0000028fc71ae950, L_0000028fc71f0238;
L_0000028fc71afcb0 .arith/mod 32, L_0000028fc71aeef0, L_0000028fc71f0280;
L_0000028fc71af530 .part L_0000028fc71afcb0, 0, 4;
L_0000028fc71ae130 .concat [ 10 22 0 0], v0000028fc71abd20_0, L_0000028fc71f02c8;
L_0000028fc71af670 .arith/div 32, L_0000028fc71ae130, L_0000028fc71f0310;
L_0000028fc71af710 .arith/mod 32, L_0000028fc71af670, L_0000028fc71f0358;
L_0000028fc71aedb0 .part L_0000028fc71af710, 0, 4;
S_0000028fc7140ee0 .scope module, "centenass" "segments" 3 29, 4 1 0, S_0000028fc713aca0;
 .timescale 0 0;
    .port_info 0 /INPUT 4 "bcd_in";
    .port_info 1 /OUTPUT 7 "bcd_out";
v0000028fc714f7f0_0 .net "bcd_in", 3 0, L_0000028fc71af530;  alias, 1 drivers
v0000028fc714fb10_0 .var "bcd_out", 0 6;
E_0000028fc7154240 .event anyedge, v0000028fc714f7f0_0;
S_0000028fc7141070 .scope module, "decenass" "segments" 3 24, 4 1 0, S_0000028fc713aca0;
 .timescale 0 0;
    .port_info 0 /INPUT 4 "bcd_in";
    .port_info 1 /OUTPUT 7 "bcd_out";
v0000028fc7150330_0 .net "bcd_in", 3 0, L_0000028fc71afb70;  alias, 1 drivers
v0000028fc714f890_0 .var "bcd_out", 0 6;
E_0000028fc71542c0 .event anyedge, v0000028fc7150330_0;
S_0000028fc71062e0 .scope module, "millaress" "segments" 3 34, 4 1 0, S_0000028fc713aca0;
 .timescale 0 0;
    .port_info 0 /INPUT 4 "bcd_in";
    .port_info 1 /OUTPUT 7 "bcd_out";
v0000028fc714f070_0 .net "bcd_in", 3 0, L_0000028fc71aedb0;  alias, 1 drivers
v0000028fc714e990_0 .var "bcd_out", 0 6;
E_0000028fc7154300 .event anyedge, v0000028fc714f070_0;
S_0000028fc7106470 .scope module, "unidadess" "segments" 3 19, 4 1 0, S_0000028fc713aca0;
 .timescale 0 0;
    .port_info 0 /INPUT 4 "bcd_in";
    .port_info 1 /OUTPUT 7 "bcd_out";
v0000028fc714e490_0 .net "bcd_in", 3 0, L_0000028fc71aee50;  alias, 1 drivers
v0000028fc714ec10_0 .var "bcd_out", 0 6;
E_0000028fc71548c0 .event anyedge, v0000028fc714e490_0;
S_0000028fc713ab10 .scope module, "segments_w" "segments_w" 5 1;
 .timescale 0 0;
    .port_info 0 /INPUT 10 "SW";
    .port_info 1 /OUTPUT 7 "HEX0";
    .port_info 2 /OUTPUT 7 "HEX1";
    .port_info 3 /OUTPUT 7 "HEX2";
    .port_info 4 /OUTPUT 7 "HEX3";
v0000028fc71afc10_0 .net "HEX0", 0 6, v0000028fc71aaf60_0;  1 drivers
v0000028fc71af990_0 .net "HEX1", 0 6, v0000028fc71abdc0_0;  1 drivers
v0000028fc71af2b0_0 .net "HEX2", 0 6, v0000028fc71aa880_0;  1 drivers
v0000028fc71aebd0_0 .net "HEX3", 0 6, v0000028fc71ab460_0;  1 drivers
o0000028fc7159038 .functor BUFZ 10, c4<zzzzzzzzzz>; HiZ drive
v0000028fc71afa30_0 .net "SW", 9 0, o0000028fc7159038;  0 drivers
S_0000028fc71ac610 .scope module, "WRAP" "BCD_4displays" 5 9, 3 1 0, S_0000028fc713ab10;
 .timescale 0 0;
    .port_info 0 /INPUT 10 "bcd_in";
    .port_info 1 /OUTPUT 7 "D_un";
    .port_info 2 /OUTPUT 7 "D_de";
    .port_info 3 /OUTPUT 7 "D_cen";
    .port_info 4 /OUTPUT 7 "D_un_mi";
P_0000028fc7141200 .param/l "N_in" 0 3 1, +C4<00000000000000000000000000001010>;
P_0000028fc7141238 .param/l "N_out" 0 3 1, +C4<00000000000000000000000000000111>;
v0000028fc71abfa0_0 .net "D_cen", 6 0, v0000028fc71aa880_0;  alias, 1 drivers
v0000028fc71ab640_0 .net "D_de", 6 0, v0000028fc71abdc0_0;  alias, 1 drivers
v0000028fc71ab6e0_0 .net "D_un", 6 0, v0000028fc71aaf60_0;  alias, 1 drivers
v0000028fc71ab820_0 .net "D_un_mi", 6 0, v0000028fc71ab460_0;  alias, 1 drivers
v0000028fc71aaba0_0 .net *"_ivl_0", 31 0, L_0000028fc71af030;  1 drivers
v0000028fc71ab000_0 .net *"_ivl_10", 31 0, L_0000028fc71adff0;  1 drivers
L_0000028fc71f0430 .functor BUFT 1, C4<0000000000000000000000>, C4<0>, C4<0>, C4<0>;
v0000028fc71ab8c0_0 .net *"_ivl_13", 21 0, L_0000028fc71f0430;  1 drivers
L_0000028fc71f0478 .functor BUFT 1, C4<00000000000000000000000000001010>, C4<0>, C4<0>, C4<0>;
v0000028fc71ab0a0_0 .net/2u *"_ivl_14", 31 0, L_0000028fc71f0478;  1 drivers
v0000028fc71abb40_0 .net *"_ivl_16", 31 0, L_0000028fc71af170;  1 drivers
L_0000028fc71f04c0 .functor BUFT 1, C4<00000000000000000000000000001010>, C4<0>, C4<0>, C4<0>;
v0000028fc71aa560_0 .net/2u *"_ivl_18", 31 0, L_0000028fc71f04c0;  1 drivers
v0000028fc71aba00_0 .net *"_ivl_20", 31 0, L_0000028fc71af7b0;  1 drivers
v0000028fc71aa2e0_0 .net *"_ivl_24", 31 0, L_0000028fc71af5d0;  1 drivers
L_0000028fc71f0508 .functor BUFT 1, C4<0000000000000000000000>, C4<0>, C4<0>, C4<0>;
v0000028fc71ab140_0 .net *"_ivl_27", 21 0, L_0000028fc71f0508;  1 drivers
L_0000028fc71f0550 .functor BUFT 1, C4<00000000000000000000000001100100>, C4<0>, C4<0>, C4<0>;
v0000028fc71ac040_0 .net/2u *"_ivl_28", 31 0, L_0000028fc71f0550;  1 drivers
L_0000028fc71f03a0 .functor BUFT 1, C4<0000000000000000000000>, C4<0>, C4<0>, C4<0>;
v0000028fc71ac0e0_0 .net *"_ivl_3", 21 0, L_0000028fc71f03a0;  1 drivers
v0000028fc71ab280_0 .net *"_ivl_30", 31 0, L_0000028fc71af3f0;  1 drivers
L_0000028fc71f0598 .functor BUFT 1, C4<00000000000000000000000000001010>, C4<0>, C4<0>, C4<0>;
v0000028fc71aa9c0_0 .net/2u *"_ivl_32", 31 0, L_0000028fc71f0598;  1 drivers
v0000028fc71ab500_0 .net *"_ivl_34", 31 0, L_0000028fc71ae3b0;  1 drivers
v0000028fc71abbe0_0 .net *"_ivl_38", 31 0, L_0000028fc71afd50;  1 drivers
L_0000028fc71f03e8 .functor BUFT 1, C4<00000000000000000000000000001010>, C4<0>, C4<0>, C4<0>;
v0000028fc71aa240_0 .net/2u *"_ivl_4", 31 0, L_0000028fc71f03e8;  1 drivers
L_0000028fc71f05e0 .functor BUFT 1, C4<0000000000000000000000>, C4<0>, C4<0>, C4<0>;
v0000028fc71aa920_0 .net *"_ivl_41", 21 0, L_0000028fc71f05e0;  1 drivers
L_0000028fc71f0628 .functor BUFT 1, C4<00000000000000000000001111101000>, C4<0>, C4<0>, C4<0>;
v0000028fc71aa380_0 .net/2u *"_ivl_42", 31 0, L_0000028fc71f0628;  1 drivers
v0000028fc71aa4c0_0 .net *"_ivl_44", 31 0, L_0000028fc71ae270;  1 drivers
L_0000028fc71f0670 .functor BUFT 1, C4<00000000000000000000000000001010>, C4<0>, C4<0>, C4<0>;
v0000028fc71aa420_0 .net/2u *"_ivl_46", 31 0, L_0000028fc71f0670;  1 drivers
v0000028fc71aa600_0 .net *"_ivl_48", 31 0, L_0000028fc71afad0;  1 drivers
v0000028fc71aa740_0 .net *"_ivl_6", 31 0, L_0000028fc71aef90;  1 drivers
v0000028fc71aaa60_0 .net "bcd_in", 9 0, o0000028fc7159038;  alias, 0 drivers
v0000028fc71aac40_0 .net "centenas", 3 0, L_0000028fc71ae9f0;  1 drivers
v0000028fc71aace0_0 .net "decenas", 3 0, L_0000028fc71aec70;  1 drivers
v0000028fc71aad80_0 .net "millares", 3 0, L_0000028fc71aea90;  1 drivers
v0000028fc71aae20_0 .net "unidades", 3 0, L_0000028fc71ae770;  1 drivers
L_0000028fc71af030 .concat [ 10 22 0 0], o0000028fc7159038, L_0000028fc71f03a0;
L_0000028fc71aef90 .arith/mod 32, L_0000028fc71af030, L_0000028fc71f03e8;
L_0000028fc71ae770 .part L_0000028fc71aef90, 0, 4;
L_0000028fc71adff0 .concat [ 10 22 0 0], o0000028fc7159038, L_0000028fc71f0430;
L_0000028fc71af170 .arith/div 32, L_0000028fc71adff0, L_0000028fc71f0478;
L_0000028fc71af7b0 .arith/mod 32, L_0000028fc71af170, L_0000028fc71f04c0;
L_0000028fc71aec70 .part L_0000028fc71af7b0, 0, 4;
L_0000028fc71af5d0 .concat [ 10 22 0 0], o0000028fc7159038, L_0000028fc71f0508;
L_0000028fc71af3f0 .arith/div 32, L_0000028fc71af5d0, L_0000028fc71f0550;
L_0000028fc71ae3b0 .arith/mod 32, L_0000028fc71af3f0, L_0000028fc71f0598;
L_0000028fc71ae9f0 .part L_0000028fc71ae3b0, 0, 4;
L_0000028fc71afd50 .concat [ 10 22 0 0], o0000028fc7159038, L_0000028fc71f05e0;
L_0000028fc71ae270 .arith/div 32, L_0000028fc71afd50, L_0000028fc71f0628;
L_0000028fc71afad0 .arith/mod 32, L_0000028fc71ae270, L_0000028fc71f0670;
L_0000028fc71aea90 .part L_0000028fc71afad0, 0, 4;
S_0000028fc71ad7b0 .scope module, "centenass" "segments" 3 29, 4 1 0, S_0000028fc71ac610;
 .timescale 0 0;
    .port_info 0 /INPUT 4 "bcd_in";
    .port_info 1 /OUTPUT 7 "bcd_out";
v0000028fc71aaec0_0 .net "bcd_in", 3 0, L_0000028fc71ae9f0;  alias, 1 drivers
v0000028fc71aa880_0 .var "bcd_out", 0 6;
E_0000028fc7154580 .event anyedge, v0000028fc71aaec0_0;
S_0000028fc71ad940 .scope module, "decenass" "segments" 3 24, 4 1 0, S_0000028fc71ac610;
 .timescale 0 0;
    .port_info 0 /INPUT 4 "bcd_in";
    .port_info 1 /OUTPUT 7 "bcd_out";
v0000028fc71ab960_0 .net "bcd_in", 3 0, L_0000028fc71aec70;  alias, 1 drivers
v0000028fc71abdc0_0 .var "bcd_out", 0 6;
E_0000028fc7154440 .event anyedge, v0000028fc71ab960_0;
S_0000028fc71adad0 .scope module, "millaress" "segments" 3 34, 4 1 0, S_0000028fc71ac610;
 .timescale 0 0;
    .port_info 0 /INPUT 4 "bcd_in";
    .port_info 1 /OUTPUT 7 "bcd_out";
v0000028fc71abf00_0 .net "bcd_in", 3 0, L_0000028fc71aea90;  alias, 1 drivers
v0000028fc71ab460_0 .var "bcd_out", 0 6;
E_0000028fc71544c0 .event anyedge, v0000028fc71abf00_0;
S_0000028fc71adc60 .scope module, "unidadess" "segments" 3 19, 4 1 0, S_0000028fc71ac610;
 .timescale 0 0;
    .port_info 0 /INPUT 4 "bcd_in";
    .port_info 1 /OUTPUT 7 "bcd_out";
v0000028fc71aab00_0 .net "bcd_in", 3 0, L_0000028fc71ae770;  alias, 1 drivers
v0000028fc71aaf60_0 .var "bcd_out", 0 6;
E_0000028fc7156000 .event anyedge, v0000028fc71aab00_0;
    .scope S_0000028fc7106470;
T_0 ;
    %wait E_0000028fc71548c0;
    %load/vec4 v0000028fc714e490_0;
    %dup/vec4;
    %pushi/vec4 0, 0, 4;
    %cmp/u;
    %jmp/1 T_0.0, 6;
    %dup/vec4;
    %pushi/vec4 1, 0, 4;
    %cmp/u;
    %jmp/1 T_0.1, 6;
    %dup/vec4;
    %pushi/vec4 2, 0, 4;
    %cmp/u;
    %jmp/1 T_0.2, 6;
    %dup/vec4;
    %pushi/vec4 3, 0, 4;
    %cmp/u;
    %jmp/1 T_0.3, 6;
    %dup/vec4;
    %pushi/vec4 4, 0, 4;
    %cmp/u;
    %jmp/1 T_0.4, 6;
    %dup/vec4;
    %pushi/vec4 5, 0, 4;
    %cmp/u;
    %jmp/1 T_0.5, 6;
    %dup/vec4;
    %pushi/vec4 6, 0, 4;
    %cmp/u;
    %jmp/1 T_0.6, 6;
    %dup/vec4;
    %pushi/vec4 7, 0, 4;
    %cmp/u;
    %jmp/1 T_0.7, 6;
    %dup/vec4;
    %pushi/vec4 8, 0, 4;
    %cmp/u;
    %jmp/1 T_0.8, 6;
    %dup/vec4;
    %pushi/vec4 9, 0, 4;
    %cmp/u;
    %jmp/1 T_0.9, 6;
    %pushi/vec4 127, 0, 7;
    %store/vec4 v0000028fc714ec10_0, 0, 7;
    %jmp T_0.11;
T_0.0 ;
    %pushi/vec4 1, 0, 7;
    %store/vec4 v0000028fc714ec10_0, 0, 7;
    %jmp T_0.11;
T_0.1 ;
    %pushi/vec4 79, 0, 7;
    %store/vec4 v0000028fc714ec10_0, 0, 7;
    %jmp T_0.11;
T_0.2 ;
    %pushi/vec4 18, 0, 7;
    %store/vec4 v0000028fc714ec10_0, 0, 7;
    %jmp T_0.11;
T_0.3 ;
    %pushi/vec4 6, 0, 7;
    %store/vec4 v0000028fc714ec10_0, 0, 7;
    %jmp T_0.11;
T_0.4 ;
    %pushi/vec4 76, 0, 7;
    %store/vec4 v0000028fc714ec10_0, 0, 7;
    %jmp T_0.11;
T_0.5 ;
    %pushi/vec4 36, 0, 7;
    %store/vec4 v0000028fc714ec10_0, 0, 7;
    %jmp T_0.11;
T_0.6 ;
    %pushi/vec4 32, 0, 7;
    %store/vec4 v0000028fc714ec10_0, 0, 7;
    %jmp T_0.11;
T_0.7 ;
    %pushi/vec4 15, 0, 7;
    %store/vec4 v0000028fc714ec10_0, 0, 7;
    %jmp T_0.11;
T_0.8 ;
    %pushi/vec4 0, 0, 7;
    %store/vec4 v0000028fc714ec10_0, 0, 7;
    %jmp T_0.11;
T_0.9 ;
    %pushi/vec4 4, 0, 7;
    %store/vec4 v0000028fc714ec10_0, 0, 7;
    %jmp T_0.11;
T_0.11 ;
    %pop/vec4 1;
    %jmp T_0;
    .thread T_0, $push;
    .scope S_0000028fc7141070;
T_1 ;
    %wait E_0000028fc71542c0;
    %load/vec4 v0000028fc7150330_0;
    %dup/vec4;
    %pushi/vec4 0, 0, 4;
    %cmp/u;
    %jmp/1 T_1.0, 6;
    %dup/vec4;
    %pushi/vec4 1, 0, 4;
    %cmp/u;
    %jmp/1 T_1.1, 6;
    %dup/vec4;
    %pushi/vec4 2, 0, 4;
    %cmp/u;
    %jmp/1 T_1.2, 6;
    %dup/vec4;
    %pushi/vec4 3, 0, 4;
    %cmp/u;
    %jmp/1 T_1.3, 6;
    %dup/vec4;
    %pushi/vec4 4, 0, 4;
    %cmp/u;
    %jmp/1 T_1.4, 6;
    %dup/vec4;
    %pushi/vec4 5, 0, 4;
    %cmp/u;
    %jmp/1 T_1.5, 6;
    %dup/vec4;
    %pushi/vec4 6, 0, 4;
    %cmp/u;
    %jmp/1 T_1.6, 6;
    %dup/vec4;
    %pushi/vec4 7, 0, 4;
    %cmp/u;
    %jmp/1 T_1.7, 6;
    %dup/vec4;
    %pushi/vec4 8, 0, 4;
    %cmp/u;
    %jmp/1 T_1.8, 6;
    %dup/vec4;
    %pushi/vec4 9, 0, 4;
    %cmp/u;
    %jmp/1 T_1.9, 6;
    %pushi/vec4 127, 0, 7;
    %store/vec4 v0000028fc714f890_0, 0, 7;
    %jmp T_1.11;
T_1.0 ;
    %pushi/vec4 1, 0, 7;
    %store/vec4 v0000028fc714f890_0, 0, 7;
    %jmp T_1.11;
T_1.1 ;
    %pushi/vec4 79, 0, 7;
    %store/vec4 v0000028fc714f890_0, 0, 7;
    %jmp T_1.11;
T_1.2 ;
    %pushi/vec4 18, 0, 7;
    %store/vec4 v0000028fc714f890_0, 0, 7;
    %jmp T_1.11;
T_1.3 ;
    %pushi/vec4 6, 0, 7;
    %store/vec4 v0000028fc714f890_0, 0, 7;
    %jmp T_1.11;
T_1.4 ;
    %pushi/vec4 76, 0, 7;
    %store/vec4 v0000028fc714f890_0, 0, 7;
    %jmp T_1.11;
T_1.5 ;
    %pushi/vec4 36, 0, 7;
    %store/vec4 v0000028fc714f890_0, 0, 7;
    %jmp T_1.11;
T_1.6 ;
    %pushi/vec4 32, 0, 7;
    %store/vec4 v0000028fc714f890_0, 0, 7;
    %jmp T_1.11;
T_1.7 ;
    %pushi/vec4 15, 0, 7;
    %store/vec4 v0000028fc714f890_0, 0, 7;
    %jmp T_1.11;
T_1.8 ;
    %pushi/vec4 0, 0, 7;
    %store/vec4 v0000028fc714f890_0, 0, 7;
    %jmp T_1.11;
T_1.9 ;
    %pushi/vec4 4, 0, 7;
    %store/vec4 v0000028fc714f890_0, 0, 7;
    %jmp T_1.11;
T_1.11 ;
    %pop/vec4 1;
    %jmp T_1;
    .thread T_1, $push;
    .scope S_0000028fc7140ee0;
T_2 ;
    %wait E_0000028fc7154240;
    %load/vec4 v0000028fc714f7f0_0;
    %dup/vec4;
    %pushi/vec4 0, 0, 4;
    %cmp/u;
    %jmp/1 T_2.0, 6;
    %dup/vec4;
    %pushi/vec4 1, 0, 4;
    %cmp/u;
    %jmp/1 T_2.1, 6;
    %dup/vec4;
    %pushi/vec4 2, 0, 4;
    %cmp/u;
    %jmp/1 T_2.2, 6;
    %dup/vec4;
    %pushi/vec4 3, 0, 4;
    %cmp/u;
    %jmp/1 T_2.3, 6;
    %dup/vec4;
    %pushi/vec4 4, 0, 4;
    %cmp/u;
    %jmp/1 T_2.4, 6;
    %dup/vec4;
    %pushi/vec4 5, 0, 4;
    %cmp/u;
    %jmp/1 T_2.5, 6;
    %dup/vec4;
    %pushi/vec4 6, 0, 4;
    %cmp/u;
    %jmp/1 T_2.6, 6;
    %dup/vec4;
    %pushi/vec4 7, 0, 4;
    %cmp/u;
    %jmp/1 T_2.7, 6;
    %dup/vec4;
    %pushi/vec4 8, 0, 4;
    %cmp/u;
    %jmp/1 T_2.8, 6;
    %dup/vec4;
    %pushi/vec4 9, 0, 4;
    %cmp/u;
    %jmp/1 T_2.9, 6;
    %pushi/vec4 127, 0, 7;
    %store/vec4 v0000028fc714fb10_0, 0, 7;
    %jmp T_2.11;
T_2.0 ;
    %pushi/vec4 1, 0, 7;
    %store/vec4 v0000028fc714fb10_0, 0, 7;
    %jmp T_2.11;
T_2.1 ;
    %pushi/vec4 79, 0, 7;
    %store/vec4 v0000028fc714fb10_0, 0, 7;
    %jmp T_2.11;
T_2.2 ;
    %pushi/vec4 18, 0, 7;
    %store/vec4 v0000028fc714fb10_0, 0, 7;
    %jmp T_2.11;
T_2.3 ;
    %pushi/vec4 6, 0, 7;
    %store/vec4 v0000028fc714fb10_0, 0, 7;
    %jmp T_2.11;
T_2.4 ;
    %pushi/vec4 76, 0, 7;
    %store/vec4 v0000028fc714fb10_0, 0, 7;
    %jmp T_2.11;
T_2.5 ;
    %pushi/vec4 36, 0, 7;
    %store/vec4 v0000028fc714fb10_0, 0, 7;
    %jmp T_2.11;
T_2.6 ;
    %pushi/vec4 32, 0, 7;
    %store/vec4 v0000028fc714fb10_0, 0, 7;
    %jmp T_2.11;
T_2.7 ;
    %pushi/vec4 15, 0, 7;
    %store/vec4 v0000028fc714fb10_0, 0, 7;
    %jmp T_2.11;
T_2.8 ;
    %pushi/vec4 0, 0, 7;
    %store/vec4 v0000028fc714fb10_0, 0, 7;
    %jmp T_2.11;
T_2.9 ;
    %pushi/vec4 4, 0, 7;
    %store/vec4 v0000028fc714fb10_0, 0, 7;
    %jmp T_2.11;
T_2.11 ;
    %pop/vec4 1;
    %jmp T_2;
    .thread T_2, $push;
    .scope S_0000028fc71062e0;
T_3 ;
    %wait E_0000028fc7154300;
    %load/vec4 v0000028fc714f070_0;
    %dup/vec4;
    %pushi/vec4 0, 0, 4;
    %cmp/u;
    %jmp/1 T_3.0, 6;
    %dup/vec4;
    %pushi/vec4 1, 0, 4;
    %cmp/u;
    %jmp/1 T_3.1, 6;
    %dup/vec4;
    %pushi/vec4 2, 0, 4;
    %cmp/u;
    %jmp/1 T_3.2, 6;
    %dup/vec4;
    %pushi/vec4 3, 0, 4;
    %cmp/u;
    %jmp/1 T_3.3, 6;
    %dup/vec4;
    %pushi/vec4 4, 0, 4;
    %cmp/u;
    %jmp/1 T_3.4, 6;
    %dup/vec4;
    %pushi/vec4 5, 0, 4;
    %cmp/u;
    %jmp/1 T_3.5, 6;
    %dup/vec4;
    %pushi/vec4 6, 0, 4;
    %cmp/u;
    %jmp/1 T_3.6, 6;
    %dup/vec4;
    %pushi/vec4 7, 0, 4;
    %cmp/u;
    %jmp/1 T_3.7, 6;
    %dup/vec4;
    %pushi/vec4 8, 0, 4;
    %cmp/u;
    %jmp/1 T_3.8, 6;
    %dup/vec4;
    %pushi/vec4 9, 0, 4;
    %cmp/u;
    %jmp/1 T_3.9, 6;
    %pushi/vec4 127, 0, 7;
    %store/vec4 v0000028fc714e990_0, 0, 7;
    %jmp T_3.11;
T_3.0 ;
    %pushi/vec4 1, 0, 7;
    %store/vec4 v0000028fc714e990_0, 0, 7;
    %jmp T_3.11;
T_3.1 ;
    %pushi/vec4 79, 0, 7;
    %store/vec4 v0000028fc714e990_0, 0, 7;
    %jmp T_3.11;
T_3.2 ;
    %pushi/vec4 18, 0, 7;
    %store/vec4 v0000028fc714e990_0, 0, 7;
    %jmp T_3.11;
T_3.3 ;
    %pushi/vec4 6, 0, 7;
    %store/vec4 v0000028fc714e990_0, 0, 7;
    %jmp T_3.11;
T_3.4 ;
    %pushi/vec4 76, 0, 7;
    %store/vec4 v0000028fc714e990_0, 0, 7;
    %jmp T_3.11;
T_3.5 ;
    %pushi/vec4 36, 0, 7;
    %store/vec4 v0000028fc714e990_0, 0, 7;
    %jmp T_3.11;
T_3.6 ;
    %pushi/vec4 32, 0, 7;
    %store/vec4 v0000028fc714e990_0, 0, 7;
    %jmp T_3.11;
T_3.7 ;
    %pushi/vec4 15, 0, 7;
    %store/vec4 v0000028fc714e990_0, 0, 7;
    %jmp T_3.11;
T_3.8 ;
    %pushi/vec4 0, 0, 7;
    %store/vec4 v0000028fc714e990_0, 0, 7;
    %jmp T_3.11;
T_3.9 ;
    %pushi/vec4 4, 0, 7;
    %store/vec4 v0000028fc714e990_0, 0, 7;
    %jmp T_3.11;
T_3.11 ;
    %pop/vec4 1;
    %jmp T_3;
    .thread T_3, $push;
    .scope S_0000028fc713a980;
T_4 ;
    %pushi/vec4 1023, 0, 32;
T_4.0 %dup/vec4;
    %cmpi/s 0, 0, 32;
    %jmp/1xz T_4.1, 5;
    %jmp/1 T_4.1, 4;
    %subi 1, 0, 32;
    %vpi_func 2 18 "$random" 32 {0 0 0};
    %pushi/vec4 1023, 0, 32;
    %mod/s;
    %pad/s 10;
    %store/vec4 v0000028fc71abd20_0, 0, 10;
    %delay 10, 0;
    %jmp T_4.0;
T_4.1 ;
    %pop/vec4 1;
    %vpi_call 2 21 "$stop" {0 0 0};
    %vpi_call 2 22 "$finish" {0 0 0};
    %vpi_call 2 23 "$display", "Terminado" {0 0 0};
    %end;
    .thread T_4;
    .scope S_0000028fc713a980;
T_5 ;
    %vpi_call 2 27 "$monitor", "bcd_in: %b, D_un: %b, D_de: %b, D_cen: %b, D_un_mi: %b", v0000028fc71abd20_0, v0000028fc71abe60_0, v0000028fc71ab3c0_0, v0000028fc71ab1e0_0, v0000028fc71ab5a0_0 {0 0 0};
    %end;
    .thread T_5;
    .scope S_0000028fc713a980;
T_6 ;
    %vpi_call 2 31 "$dumpfile", "BCD_4displays_tb.vcd" {0 0 0};
    %vpi_call 2 32 "$dumpvars", 32'sb00000000000000000000000000000000, S_0000028fc713a980 {0 0 0};
    %end;
    .thread T_6;
    .scope S_0000028fc71adc60;
T_7 ;
    %wait E_0000028fc7156000;
    %load/vec4 v0000028fc71aab00_0;
    %dup/vec4;
    %pushi/vec4 0, 0, 4;
    %cmp/u;
    %jmp/1 T_7.0, 6;
    %dup/vec4;
    %pushi/vec4 1, 0, 4;
    %cmp/u;
    %jmp/1 T_7.1, 6;
    %dup/vec4;
    %pushi/vec4 2, 0, 4;
    %cmp/u;
    %jmp/1 T_7.2, 6;
    %dup/vec4;
    %pushi/vec4 3, 0, 4;
    %cmp/u;
    %jmp/1 T_7.3, 6;
    %dup/vec4;
    %pushi/vec4 4, 0, 4;
    %cmp/u;
    %jmp/1 T_7.4, 6;
    %dup/vec4;
    %pushi/vec4 5, 0, 4;
    %cmp/u;
    %jmp/1 T_7.5, 6;
    %dup/vec4;
    %pushi/vec4 6, 0, 4;
    %cmp/u;
    %jmp/1 T_7.6, 6;
    %dup/vec4;
    %pushi/vec4 7, 0, 4;
    %cmp/u;
    %jmp/1 T_7.7, 6;
    %dup/vec4;
    %pushi/vec4 8, 0, 4;
    %cmp/u;
    %jmp/1 T_7.8, 6;
    %dup/vec4;
    %pushi/vec4 9, 0, 4;
    %cmp/u;
    %jmp/1 T_7.9, 6;
    %pushi/vec4 127, 0, 7;
    %store/vec4 v0000028fc71aaf60_0, 0, 7;
    %jmp T_7.11;
T_7.0 ;
    %pushi/vec4 1, 0, 7;
    %store/vec4 v0000028fc71aaf60_0, 0, 7;
    %jmp T_7.11;
T_7.1 ;
    %pushi/vec4 79, 0, 7;
    %store/vec4 v0000028fc71aaf60_0, 0, 7;
    %jmp T_7.11;
T_7.2 ;
    %pushi/vec4 18, 0, 7;
    %store/vec4 v0000028fc71aaf60_0, 0, 7;
    %jmp T_7.11;
T_7.3 ;
    %pushi/vec4 6, 0, 7;
    %store/vec4 v0000028fc71aaf60_0, 0, 7;
    %jmp T_7.11;
T_7.4 ;
    %pushi/vec4 76, 0, 7;
    %store/vec4 v0000028fc71aaf60_0, 0, 7;
    %jmp T_7.11;
T_7.5 ;
    %pushi/vec4 36, 0, 7;
    %store/vec4 v0000028fc71aaf60_0, 0, 7;
    %jmp T_7.11;
T_7.6 ;
    %pushi/vec4 32, 0, 7;
    %store/vec4 v0000028fc71aaf60_0, 0, 7;
    %jmp T_7.11;
T_7.7 ;
    %pushi/vec4 15, 0, 7;
    %store/vec4 v0000028fc71aaf60_0, 0, 7;
    %jmp T_7.11;
T_7.8 ;
    %pushi/vec4 0, 0, 7;
    %store/vec4 v0000028fc71aaf60_0, 0, 7;
    %jmp T_7.11;
T_7.9 ;
    %pushi/vec4 4, 0, 7;
    %store/vec4 v0000028fc71aaf60_0, 0, 7;
    %jmp T_7.11;
T_7.11 ;
    %pop/vec4 1;
    %jmp T_7;
    .thread T_7, $push;
    .scope S_0000028fc71ad940;
T_8 ;
    %wait E_0000028fc7154440;
    %load/vec4 v0000028fc71ab960_0;
    %dup/vec4;
    %pushi/vec4 0, 0, 4;
    %cmp/u;
    %jmp/1 T_8.0, 6;
    %dup/vec4;
    %pushi/vec4 1, 0, 4;
    %cmp/u;
    %jmp/1 T_8.1, 6;
    %dup/vec4;
    %pushi/vec4 2, 0, 4;
    %cmp/u;
    %jmp/1 T_8.2, 6;
    %dup/vec4;
    %pushi/vec4 3, 0, 4;
    %cmp/u;
    %jmp/1 T_8.3, 6;
    %dup/vec4;
    %pushi/vec4 4, 0, 4;
    %cmp/u;
    %jmp/1 T_8.4, 6;
    %dup/vec4;
    %pushi/vec4 5, 0, 4;
    %cmp/u;
    %jmp/1 T_8.5, 6;
    %dup/vec4;
    %pushi/vec4 6, 0, 4;
    %cmp/u;
    %jmp/1 T_8.6, 6;
    %dup/vec4;
    %pushi/vec4 7, 0, 4;
    %cmp/u;
    %jmp/1 T_8.7, 6;
    %dup/vec4;
    %pushi/vec4 8, 0, 4;
    %cmp/u;
    %jmp/1 T_8.8, 6;
    %dup/vec4;
    %pushi/vec4 9, 0, 4;
    %cmp/u;
    %jmp/1 T_8.9, 6;
    %pushi/vec4 127, 0, 7;
    %store/vec4 v0000028fc71abdc0_0, 0, 7;
    %jmp T_8.11;
T_8.0 ;
    %pushi/vec4 1, 0, 7;
    %store/vec4 v0000028fc71abdc0_0, 0, 7;
    %jmp T_8.11;
T_8.1 ;
    %pushi/vec4 79, 0, 7;
    %store/vec4 v0000028fc71abdc0_0, 0, 7;
    %jmp T_8.11;
T_8.2 ;
    %pushi/vec4 18, 0, 7;
    %store/vec4 v0000028fc71abdc0_0, 0, 7;
    %jmp T_8.11;
T_8.3 ;
    %pushi/vec4 6, 0, 7;
    %store/vec4 v0000028fc71abdc0_0, 0, 7;
    %jmp T_8.11;
T_8.4 ;
    %pushi/vec4 76, 0, 7;
    %store/vec4 v0000028fc71abdc0_0, 0, 7;
    %jmp T_8.11;
T_8.5 ;
    %pushi/vec4 36, 0, 7;
    %store/vec4 v0000028fc71abdc0_0, 0, 7;
    %jmp T_8.11;
T_8.6 ;
    %pushi/vec4 32, 0, 7;
    %store/vec4 v0000028fc71abdc0_0, 0, 7;
    %jmp T_8.11;
T_8.7 ;
    %pushi/vec4 15, 0, 7;
    %store/vec4 v0000028fc71abdc0_0, 0, 7;
    %jmp T_8.11;
T_8.8 ;
    %pushi/vec4 0, 0, 7;
    %store/vec4 v0000028fc71abdc0_0, 0, 7;
    %jmp T_8.11;
T_8.9 ;
    %pushi/vec4 4, 0, 7;
    %store/vec4 v0000028fc71abdc0_0, 0, 7;
    %jmp T_8.11;
T_8.11 ;
    %pop/vec4 1;
    %jmp T_8;
    .thread T_8, $push;
    .scope S_0000028fc71ad7b0;
T_9 ;
    %wait E_0000028fc7154580;
    %load/vec4 v0000028fc71aaec0_0;
    %dup/vec4;
    %pushi/vec4 0, 0, 4;
    %cmp/u;
    %jmp/1 T_9.0, 6;
    %dup/vec4;
    %pushi/vec4 1, 0, 4;
    %cmp/u;
    %jmp/1 T_9.1, 6;
    %dup/vec4;
    %pushi/vec4 2, 0, 4;
    %cmp/u;
    %jmp/1 T_9.2, 6;
    %dup/vec4;
    %pushi/vec4 3, 0, 4;
    %cmp/u;
    %jmp/1 T_9.3, 6;
    %dup/vec4;
    %pushi/vec4 4, 0, 4;
    %cmp/u;
    %jmp/1 T_9.4, 6;
    %dup/vec4;
    %pushi/vec4 5, 0, 4;
    %cmp/u;
    %jmp/1 T_9.5, 6;
    %dup/vec4;
    %pushi/vec4 6, 0, 4;
    %cmp/u;
    %jmp/1 T_9.6, 6;
    %dup/vec4;
    %pushi/vec4 7, 0, 4;
    %cmp/u;
    %jmp/1 T_9.7, 6;
    %dup/vec4;
    %pushi/vec4 8, 0, 4;
    %cmp/u;
    %jmp/1 T_9.8, 6;
    %dup/vec4;
    %pushi/vec4 9, 0, 4;
    %cmp/u;
    %jmp/1 T_9.9, 6;
    %pushi/vec4 127, 0, 7;
    %store/vec4 v0000028fc71aa880_0, 0, 7;
    %jmp T_9.11;
T_9.0 ;
    %pushi/vec4 1, 0, 7;
    %store/vec4 v0000028fc71aa880_0, 0, 7;
    %jmp T_9.11;
T_9.1 ;
    %pushi/vec4 79, 0, 7;
    %store/vec4 v0000028fc71aa880_0, 0, 7;
    %jmp T_9.11;
T_9.2 ;
    %pushi/vec4 18, 0, 7;
    %store/vec4 v0000028fc71aa880_0, 0, 7;
    %jmp T_9.11;
T_9.3 ;
    %pushi/vec4 6, 0, 7;
    %store/vec4 v0000028fc71aa880_0, 0, 7;
    %jmp T_9.11;
T_9.4 ;
    %pushi/vec4 76, 0, 7;
    %store/vec4 v0000028fc71aa880_0, 0, 7;
    %jmp T_9.11;
T_9.5 ;
    %pushi/vec4 36, 0, 7;
    %store/vec4 v0000028fc71aa880_0, 0, 7;
    %jmp T_9.11;
T_9.6 ;
    %pushi/vec4 32, 0, 7;
    %store/vec4 v0000028fc71aa880_0, 0, 7;
    %jmp T_9.11;
T_9.7 ;
    %pushi/vec4 15, 0, 7;
    %store/vec4 v0000028fc71aa880_0, 0, 7;
    %jmp T_9.11;
T_9.8 ;
    %pushi/vec4 0, 0, 7;
    %store/vec4 v0000028fc71aa880_0, 0, 7;
    %jmp T_9.11;
T_9.9 ;
    %pushi/vec4 4, 0, 7;
    %store/vec4 v0000028fc71aa880_0, 0, 7;
    %jmp T_9.11;
T_9.11 ;
    %pop/vec4 1;
    %jmp T_9;
    .thread T_9, $push;
    .scope S_0000028fc71adad0;
T_10 ;
    %wait E_0000028fc71544c0;
    %load/vec4 v0000028fc71abf00_0;
    %dup/vec4;
    %pushi/vec4 0, 0, 4;
    %cmp/u;
    %jmp/1 T_10.0, 6;
    %dup/vec4;
    %pushi/vec4 1, 0, 4;
    %cmp/u;
    %jmp/1 T_10.1, 6;
    %dup/vec4;
    %pushi/vec4 2, 0, 4;
    %cmp/u;
    %jmp/1 T_10.2, 6;
    %dup/vec4;
    %pushi/vec4 3, 0, 4;
    %cmp/u;
    %jmp/1 T_10.3, 6;
    %dup/vec4;
    %pushi/vec4 4, 0, 4;
    %cmp/u;
    %jmp/1 T_10.4, 6;
    %dup/vec4;
    %pushi/vec4 5, 0, 4;
    %cmp/u;
    %jmp/1 T_10.5, 6;
    %dup/vec4;
    %pushi/vec4 6, 0, 4;
    %cmp/u;
    %jmp/1 T_10.6, 6;
    %dup/vec4;
    %pushi/vec4 7, 0, 4;
    %cmp/u;
    %jmp/1 T_10.7, 6;
    %dup/vec4;
    %pushi/vec4 8, 0, 4;
    %cmp/u;
    %jmp/1 T_10.8, 6;
    %dup/vec4;
    %pushi/vec4 9, 0, 4;
    %cmp/u;
    %jmp/1 T_10.9, 6;
    %pushi/vec4 127, 0, 7;
    %store/vec4 v0000028fc71ab460_0, 0, 7;
    %jmp T_10.11;
T_10.0 ;
    %pushi/vec4 1, 0, 7;
    %store/vec4 v0000028fc71ab460_0, 0, 7;
    %jmp T_10.11;
T_10.1 ;
    %pushi/vec4 79, 0, 7;
    %store/vec4 v0000028fc71ab460_0, 0, 7;
    %jmp T_10.11;
T_10.2 ;
    %pushi/vec4 18, 0, 7;
    %store/vec4 v0000028fc71ab460_0, 0, 7;
    %jmp T_10.11;
T_10.3 ;
    %pushi/vec4 6, 0, 7;
    %store/vec4 v0000028fc71ab460_0, 0, 7;
    %jmp T_10.11;
T_10.4 ;
    %pushi/vec4 76, 0, 7;
    %store/vec4 v0000028fc71ab460_0, 0, 7;
    %jmp T_10.11;
T_10.5 ;
    %pushi/vec4 36, 0, 7;
    %store/vec4 v0000028fc71ab460_0, 0, 7;
    %jmp T_10.11;
T_10.6 ;
    %pushi/vec4 32, 0, 7;
    %store/vec4 v0000028fc71ab460_0, 0, 7;
    %jmp T_10.11;
T_10.7 ;
    %pushi/vec4 15, 0, 7;
    %store/vec4 v0000028fc71ab460_0, 0, 7;
    %jmp T_10.11;
T_10.8 ;
    %pushi/vec4 0, 0, 7;
    %store/vec4 v0000028fc71ab460_0, 0, 7;
    %jmp T_10.11;
T_10.9 ;
    %pushi/vec4 4, 0, 7;
    %store/vec4 v0000028fc71ab460_0, 0, 7;
    %jmp T_10.11;
T_10.11 ;
    %pop/vec4 1;
    %jmp T_10;
    .thread T_10, $push;
# The file index is used to find the file name in the following table.
:file_names 6;
    "N/A";
    "<interactive>";
    "BCD_4displays_tb.v";
    "BCD_4displays.v";
    "segments.v";
    "segments_w.v";
